<?xml version="1.0" encoding="UTF-8"?>
<!-- Generated by org.testng.reporters.JUnitXMLReporter -->
<testsuite ignored="1" hostname="DESKTOP-UDLF9OL" failures="1" tests="1" name="Test(failed)" time="0.637" errors="0" timestamp="14 Dec 2023 13:56:30 GMT">
  <testcase classname="Com.Test.TestClass" name="Test02" time="0.046">
    <failure type="java.lang.NullPointerException">
      <![CDATA[java.lang.NullPointerException
at Com.Test.TestClass.Test02(TestClass.java:34)
... Removed 25 stack frames]]>
    </failure>
  </testcase> <!-- Test02 -->
  <testcase classname="Com.Test.TestClass" name="Test01" time="0.0">
    <ignored/>
  </testcase> <!-- Test01 -->
</testsuite> <!-- Test(failed) -->
