<?xml version="1.0" encoding="UTF-8"?>
<!-- Generated by org.testng.reporters.JUnitXMLReporter -->
<testsuite ignored="0" hostname="DESKTOP-UDLF9OL" failures="1" tests="4" name="Test" time="7.491" errors="0" timestamp="16 Dec 2023 05:08:24 GMT">
  <testcase classname="Com.Test.TestClass" name="Test01" time="6.263"/>
  <testcase classname="Com.Test.TestClass" name="Test02" time="0.746"/>
  <testcase classname="Com.Test.TestClass" name="Test03" time="0.003">
    <skipped/>
  </testcase> <!-- Test03 -->
  <testcase classname="Com.Test.TestClass" name="Test04" time="0.007">
    <failure type="java.lang.AssertionError" message="expected [true] but found [false]">
      <![CDATA[java.lang.AssertionError: expected [true] but found [false]
at Com.Test.TestClass.Test04(TestClass.java:42)
... Removed 29 stack frames]]>
    </failure>
  </testcase> <!-- Test04 -->
</testsuite> <!-- Test -->
